{"/Users/seiyazhang/novel-reader/src/parser.ts": {"path":"/Users/seiyazhang/novel-reader/src/parser.ts","statementMap":{"0":{"start":{"line":9,"column":2},"end":{"line":9,"column":null}},"1":{"start":{"line":12,"column":18},"end":{"line":12,"column":null}},"2":{"start":{"line":13,"column":19},"end":{"line":13,"column":41}},"3":{"start":{"line":16,"column":69},"end":{"line":16,"column":71}},"4":{"start":{"line":17,"column":2},"end":{"line":20,"column":null}},"5":{"start":{"line":17,"column":15},"end":{"line":17,"column":18}},"6":{"start":{"line":18,"column":17},"end":{"line":18,"column":36}},"7":{"start":{"line":19,"column":4},"end":{"line":20,"column":null}},"8":{"start":{"line":20,"column":6},"end":{"line":20,"column":null}},"9":{"start":{"line":25,"column":2},"end":{"line":32,"column":null}},"10":{"start":{"line":26,"column":4},"end":{"line":32,"column":null}},"11":{"start":{"line":36,"column":30},"end":{"line":36,"column":32}},"12":{"start":{"line":37,"column":2},"end":{"line":48,"column":null}},"13":{"start":{"line":37,"column":15},"end":{"line":37,"column":18}},"14":{"start":{"line":38,"column":18},"end":{"line":38,"column":null}},"15":{"start":{"line":39,"column":20},"end":{"line":39,"column":null}},"16":{"start":{"line":42,"column":25},"end":{"line":42,"column":65}},"17":{"start":{"line":44,"column":4},"end":{"line":48,"column":null}},"18":{"start":{"line":52,"column":27},"end":{"line":52,"column":null}},"19":{"start":{"line":53,"column":2},"end":{"line":60,"column":null}},"20":{"start":{"line":54,"column":26},"end":{"line":54,"column":96}},"21":{"start":{"line":54,"column":76},"end":{"line":54,"column":96}},"22":{"start":{"line":55,"column":4},"end":{"line":60,"column":null}},"23":{"start":{"line":56,"column":6},"end":{"line":60,"column":null}},"24":{"start":{"line":65,"column":2},"end":{"line":65,"column":null}},"25":{"start":{"line":65,"column":34},"end":{"line":65,"column":55}}},"fnMap":{"0":{"name":"parseChapters","decl":{"start":{"line":11,"column":16},"end":{"line":11,"column":30}},"loc":{"start":{"line":11,"column":91},"end":{"line":65,"column":null}},"line":11},"1":{"name":"(anonymous_1)","decl":{"start":{"line":54,"column":62},"end":{"line":54,"column":70}},"loc":{"start":{"line":54,"column":76},"end":{"line":54,"column":96}},"line":54},"2":{"name":"(anonymous_2)","decl":{"start":{"line":65,"column":18},"end":{"line":65,"column":23}},"loc":{"start":{"line":65,"column":34},"end":{"line":65,"column":55}},"line":65}},"branchMap":{"0":{"loc":{"start":{"line":12,"column":18},"end":{"line":12,"column":null}},"type":"cond-expr","locations":[{"start":{"line":12,"column":34},"end":{"line":12,"column":64}},{"start":{"line":12,"column":67},"end":{"line":12,"column":null}}],"line":12},"1":{"loc":{"start":{"line":19,"column":4},"end":{"line":20,"column":null}},"type":"if","locations":[{"start":{"line":19,"column":4},"end":{"line":20,"column":null}},{"start":{},"end":{}}],"line":19},"2":{"loc":{"start":{"line":19,"column":8},"end":{"line":19,"column":45}},"type":"binary-expr","locations":[{"start":{"line":19,"column":8},"end":{"line":19,"column":27}},{"start":{"line":19,"column":27},"end":{"line":19,"column":45}}],"line":19},"3":{"loc":{"start":{"line":25,"column":2},"end":{"line":32,"column":null}},"type":"if","locations":[{"start":{"line":25,"column":2},"end":{"line":32,"column":null}},{"start":{},"end":{}}],"line":25},"4":{"loc":{"start":{"line":39,"column":20},"end":{"line":39,"column":null}},"type":"cond-expr","locations":[{"start":{"line":39,"column":51},"end":{"line":39,"column":85}},{"start":{"line":39,"column":85},"end":{"line":39,"column":null}}],"line":39},"5":{"loc":{"start":{"line":53,"column":2},"end":{"line":60,"column":null}},"type":"if","locations":[{"start":{"line":53,"column":2},"end":{"line":60,"column":null}},{"start":{},"end":{}}],"line":53},"6":{"loc":{"start":{"line":55,"column":4},"end":{"line":60,"column":null}},"type":"if","locations":[{"start":{"line":55,"column":4},"end":{"line":60,"column":null}},{"start":{},"end":{}}],"line":55}},"s":{"0":1,"1":21,"2":21,"3":21,"4":21,"5":21,"6":284,"7":284,"8":136,"9":21,"10":2,"11":19,"12":19,"13":19,"14":136,"15":136,"16":136,"17":136,"18":19,"19":19,"20":2,"21":6,"22":2,"23":1,"24":19,"25":137},"f":{"0":21,"1":6,"2":137},"b":{"0":[1,20],"1":[136,148],"2":[284,279],"3":[2,19],"4":[117,19],"5":[2,17],"6":[1,1]},"meta":{"lastBranch":7,"lastFunction":3,"lastStatement":26,"seen":{"s:9:2:9:Infinity":0,"f:11:16:11:30":0,"s:12:18:12:Infinity":1,"b:12:34:12:64:12:67:12:Infinity":0,"s:13:19:13:41":2,"s:16:69:16:71":3,"s:17:2:20:Infinity":4,"s:17:15:17:18":5,"s:18:17:18:36":6,"b:19:4:20:Infinity:undefined:undefined:undefined:undefined":1,"s:19:4:20:Infinity":7,"b:19:8:19:27:19:27:19:45":2,"s:20:6:20:Infinity":8,"b:25:2:32:Infinity:undefined:undefined:undefined:undefined":3,"s:25:2:32:Infinity":9,"s:26:4:32:Infinity":10,"s:36:30:36:32":11,"s:37:2:48:Infinity":12,"s:37:15:37:18":13,"s:38:18:38:Infinity":14,"s:39:20:39:Infinity":15,"b:39:51:39:85:39:85:39:Infinity":4,"s:42:25:42:65":16,"s:44:4:48:Infinity":17,"s:52:27:52:Infinity":18,"b:53:2:60:Infinity:undefined:undefined:undefined:undefined":5,"s:53:2:60:Infinity":19,"s:54:26:54:96":20,"f:54:62:54:70":1,"s:54:76:54:96":21,"b:55:4:60:Infinity:undefined:undefined:undefined:undefined":6,"s:55:4:60:Infinity":22,"s:56:6:60:Infinity":23,"s:65:2:65:Infinity":24,"f:65:18:65:23":2,"s:65:34:65:55":25}}}
,"/Users/seiyazhang/novel-reader/src/progress.ts": {"path":"/Users/seiyazhang/novel-reader/src/progress.ts","statementMap":{"0":{"start":{"line":5,"column":21},"end":{"line":5,"column":61}},"1":{"start":{"line":6,"column":22},"end":{"line":6,"column":62}},"2":{"start":{"line":17,"column":2},"end":{"line":18,"column":null}},"3":{"start":{"line":18,"column":4},"end":{"line":18,"column":null}},"4":{"start":{"line":23,"column":2},"end":{"line":23,"column":null}},"5":{"start":{"line":24,"column":2},"end":{"line":25,"column":null}},"6":{"start":{"line":25,"column":4},"end":{"line":25,"column":null}},"7":{"start":{"line":27,"column":14},"end":{"line":27,"column":53}},"8":{"start":{"line":28,"column":2},"end":{"line":28,"column":null}},"9":{"start":{"line":32,"column":2},"end":{"line":32,"column":null}},"10":{"start":{"line":33,"column":2},"end":{"line":33,"column":null}},"11":{"start":{"line":37,"column":14},"end":{"line":37,"column":23}},"12":{"start":{"line":38,"column":14},"end":{"line":38,"column":36}},"13":{"start":{"line":39,"column":2},"end":{"line":39,"column":null}},"14":{"start":{"line":43,"column":14},"end":{"line":43,"column":23}},"15":{"start":{"line":44,"column":14},"end":{"line":44,"column":36}},"16":{"start":{"line":45,"column":2},"end":{"line":45,"column":null}}},"fnMap":{"0":{"name":"ensureDir","decl":{"start":{"line":16,"column":9},"end":{"line":16,"column":27}},"loc":{"start":{"line":16,"column":27},"end":{"line":18,"column":null}},"line":16},"1":{"name":"loadAll","decl":{"start":{"line":22,"column":9},"end":{"line":22,"column":32}},"loc":{"start":{"line":22,"column":32},"end":{"line":28,"column":null}},"line":22},"2":{"name":"saveAll","decl":{"start":{"line":31,"column":9},"end":{"line":31,"column":17}},"loc":{"start":{"line":31,"column":42},"end":{"line":33,"column":null}},"line":31},"3":{"name":"loadProgress","decl":{"start":{"line":36,"column":16},"end":{"line":36,"column":29}},"loc":{"start":{"line":36,"column":71},"end":{"line":39,"column":null}},"line":36},"4":{"name":"saveProgress","decl":{"start":{"line":42,"column":16},"end":{"line":42,"column":29}},"loc":{"start":{"line":42,"column":80},"end":{"line":45,"column":null}},"line":42}},"branchMap":{"0":{"loc":{"start":{"line":17,"column":2},"end":{"line":18,"column":null}},"type":"if","locations":[{"start":{"line":17,"column":2},"end":{"line":18,"column":null}},{"start":{},"end":{}}],"line":17},"1":{"loc":{"start":{"line":24,"column":2},"end":{"line":25,"column":null}},"type":"if","locations":[{"start":{"line":24,"column":2},"end":{"line":25,"column":null}},{"start":{},"end":{}}],"line":24},"2":{"loc":{"start":{"line":39,"column":9},"end":{"line":39,"column":null}},"type":"binary-expr","locations":[{"start":{"line":39,"column":9},"end":{"line":39,"column":21}},{"start":{"line":39,"column":21},"end":{"line":39,"column":null}}],"line":39}},"s":{"0":1,"1":1,"2":18,"3":0,"4":12,"5":12,"6":0,"7":12,"8":12,"9":6,"10":6,"11":6,"12":6,"13":6,"14":6,"15":6,"16":6},"f":{"0":18,"1":12,"2":6,"3":6,"4":6},"b":{"0":[0,18],"1":[0,12],"2":[6,1]},"meta":{"lastBranch":3,"lastFunction":5,"lastStatement":17,"seen":{"s:5:21:5:61":0,"s:6:22:6:62":1,"f:16:9:16:27":0,"b:17:2:18:Infinity:undefined:undefined:undefined:undefined":0,"s:17:2:18:Infinity":2,"s:18:4:18:Infinity":3,"f:22:9:22:32":1,"s:23:2:23:Infinity":4,"b:24:2:25:Infinity:undefined:undefined:undefined:undefined":1,"s:24:2:25:Infinity":5,"s:25:4:25:Infinity":6,"s:27:14:27:53":7,"s:28:2:28:Infinity":8,"f:31:9:31:17":2,"s:32:2:32:Infinity":9,"s:33:2:33:Infinity":10,"f:36:16:36:29":3,"s:37:14:37:23":11,"s:38:14:38:36":12,"s:39:2:39:Infinity":13,"b:39:9:39:21:39:21:39:Infinity":2,"f:42:16:42:29":4,"s:43:14:43:23":14,"s:44:14:44:36":15,"s:45:2:45:Infinity":16}}}
,"/Users/seiyazhang/novel-reader/src/utils/disguise.ts": {"path":"/Users/seiyazhang/novel-reader/src/utils/disguise.ts","statementMap":{"0":{"start":{"line":3,"column":18},"end":{"line":14,"column":null}},"1":{"start":{"line":16,"column":19},"end":{"line":32,"column":null}},"2":{"start":{"line":34,"column":24},"end":{"line":34,"column":null}},"3":{"start":{"line":37,"column":14},"end":{"line":37,"column":null}},"4":{"start":{"line":38,"column":15},"end":{"line":38,"column":null}},"5":{"start":{"line":39,"column":14},"end":{"line":39,"column":null}},"6":{"start":{"line":40,"column":2},"end":{"line":40,"column":null}},"7":{"start":{"line":44,"column":14},"end":{"line":44,"column":24}},"8":{"start":{"line":45,"column":12},"end":{"line":45,"column":51}},"9":{"start":{"line":46,"column":12},"end":{"line":46,"column":53}},"10":{"start":{"line":47,"column":2},"end":{"line":47,"column":null}}},"fnMap":{"0":{"name":"generateFakeFilePath","decl":{"start":{"line":36,"column":16},"end":{"line":36,"column":37}},"loc":{"start":{"line":36,"column":67},"end":{"line":40,"column":null}},"line":36},"1":{"name":"generateFakeTimestamp","decl":{"start":{"line":43,"column":16},"end":{"line":43,"column":48}},"loc":{"start":{"line":43,"column":48},"end":{"line":47,"column":null}},"line":43}},"branchMap":{},"s":{"0":1,"1":1,"2":1,"3":29,"4":29,"5":29,"6":29,"7":2,"8":2,"9":2,"10":2},"f":{"0":29,"1":2},"b":{},"meta":{"lastBranch":0,"lastFunction":2,"lastStatement":11,"seen":{"s:3:18:14:Infinity":0,"s:16:19:32:Infinity":1,"s:34:24:34:Infinity":2,"f:36:16:36:37":0,"s:37:14:37:Infinity":3,"s:38:15:38:Infinity":4,"s:39:14:39:Infinity":5,"s:40:2:40:Infinity":6,"f:43:16:43:48":1,"s:44:14:44:24":7,"s:45:12:45:51":8,"s:46:12:46:53":9,"s:47:2:47:Infinity":10}}}
,"/Users/seiyazhang/novel-reader/src/utils/encoding.ts": {"path":"/Users/seiyazhang/novel-reader/src/utils/encoding.ts","statementMap":{"0":{"start":{"line":2,"column":6},"end":{"line":2,"column":46}},"1":{"start":{"line":3,"column":14},"end":{"line":3,"column":35}},"2":{"start":{"line":6,"column":74},"end":{"line":10,"column":null}},"3":{"start":{"line":13,"column":2},"end":{"line":15,"column":null}},"4":{"start":{"line":14,"column":4},"end":{"line":15,"column":null}},"5":{"start":{"line":15,"column":6},"end":{"line":15,"column":null}},"6":{"start":{"line":20,"column":19},"end":{"line":20,"column":43}},"7":{"start":{"line":21,"column":8},"end":{"line":21,"column":null}},"8":{"start":{"line":22,"column":2},"end":{"line":23,"column":null}},"9":{"start":{"line":23,"column":4},"end":{"line":23,"column":null}},"10":{"start":{"line":27,"column":2},"end":{"line":27,"column":null}},"11":{"start":{"line":31,"column":17},"end":{"line":31,"column":42}},"12":{"start":{"line":32,"column":19},"end":{"line":32,"column":41}},"13":{"start":{"line":34,"column":2},"end":{"line":37,"column":null}},"14":{"start":{"line":36,"column":17},"end":{"line":36,"column":41}},"15":{"start":{"line":37,"column":4},"end":{"line":37,"column":null}},"16":{"start":{"line":40,"column":2},"end":{"line":40,"column":null}}},"fnMap":{"0":{"name":"detectEncoding","decl":{"start":{"line":12,"column":9},"end":{"line":12,"column":24}},"loc":{"start":{"line":12,"column":48},"end":{"line":27,"column":null}},"line":12},"1":{"name":"readFileWithEncoding","decl":{"start":{"line":30,"column":16},"end":{"line":30,"column":37}},"loc":{"start":{"line":30,"column":63},"end":{"line":40,"column":null}},"line":30}},"branchMap":{"0":{"loc":{"start":{"line":14,"column":4},"end":{"line":15,"column":null}},"type":"if","locations":[{"start":{"line":14,"column":4},"end":{"line":15,"column":null}},{"start":{},"end":{}}],"line":14},"1":{"loc":{"start":{"line":21,"column":28},"end":{"line":21,"column":59}},"type":"binary-expr","locations":[{"start":{"line":21,"column":28},"end":{"line":21,"column":53}},{"start":{"line":21,"column":57},"end":{"line":21,"column":59}}],"line":21},"2":{"loc":{"start":{"line":22,"column":2},"end":{"line":23,"column":null}},"type":"if","locations":[{"start":{"line":22,"column":2},"end":{"line":23,"column":null}},{"start":{},"end":{}}],"line":22},"3":{"loc":{"start":{"line":34,"column":2},"end":{"line":37,"column":null}},"type":"if","locations":[{"start":{"line":34,"column":2},"end":{"line":37,"column":null}},{"start":{},"end":{}}],"line":34},"4":{"loc":{"start":{"line":37,"column":11},"end":{"line":37,"column":null}},"type":"cond-expr","locations":[{"start":{"line":37,"column":43},"end":{"line":37,"column":56}},{"start":{"line":37,"column":59},"end":{"line":37,"column":null}}],"line":37}},"s":{"0":1,"1":1,"2":1,"3":6,"4":16,"5":1,"6":5,"7":5,"8":6,"9":4,"10":1,"11":7,"12":7,"13":7,"14":5,"15":5,"16":1},"f":{"0":6,"1":7},"b":{"0":[1,15],"1":[5,4],"2":[4,2],"3":[5,2],"4":[1,4]},"meta":{"lastBranch":5,"lastFunction":2,"lastStatement":17,"seen":{"s:2:6:2:46":0,"s:3:14:3:35":1,"s:6:74:10:Infinity":2,"f:12:9:12:24":0,"s:13:2:15:Infinity":3,"b:14:4:15:Infinity:undefined:undefined:undefined:undefined":0,"s:14:4:15:Infinity":4,"s:15:6:15:Infinity":5,"s:20:19:20:43":6,"s:21:8:21:Infinity":7,"b:21:28:21:53:21:57:21:59":1,"b:22:2:23:Infinity:undefined:undefined:undefined:undefined":2,"s:22:2:23:Infinity":8,"s:23:4:23:Infinity":9,"s:27:2:27:Infinity":10,"f:30:16:30:37":1,"s:31:17:31:42":11,"s:32:19:32:41":12,"b:34:2:37:Infinity:undefined:undefined:undefined:undefined":3,"s:34:2:37:Infinity":13,"s:36:17:36:41":14,"s:37:4:37:Infinity":15,"b:37:43:37:56:37:59:37:Infinity":4,"s:40:2:40:Infinity":16}}}
}
